[28Nov2024 00:14:55.527] [Server thread/INFO] [net.minecraftforge.common.AdvancementLoadFix/]: Using new advancement loading for net.minecraft.advancements.PlayerAdvancements@a31f2b
[28Nov2024 00:14:55.547] [Server thread/INFO] [net.minecraft.server.management.PlayerList/]: Lobix39[/0:0:0:0:0:0:0:1%0:49004] logged in with entity id 1635 at (-238.5117039745891, 63.0, 156.00738321852313)
[28Nov2024 00:14:55.557] [Server thread/INFO] [net.minecraft.server.dedicated.DedicatedServer/]: Lobix39 joined the game
[28Nov2024 00:14:55.590] [Server thread/INFO] [Waila/]: Syncing config to Lobix39 (6f97f238-e9ba-3e4d-aba4-75b13da8dd7c)
[28Nov2024 00:16:29.221] [Netty Epoll Server IO #0/ERROR] [net.minecraftforge.fml.network.NetworkRegistry/NETREGISTRY]: Channels [decocraft:main] rejected their client side version number
[28Nov2024 00:16:29.222] [Netty Epoll Server IO #0/ERROR] [net.minecraftforge.fml.network.FMLHandshakeHandler/FMLHANDSHAKE]: Terminating connection with client, mismatched mod list
[28Nov2024 00:16:29.258] [Server thread/INFO] [net.minecraft.network.login.ServerLoginNetHandler/]: com.mojang.authlib.GameProfile@313e14fb[id=<null>,name=josue1507,properties={},legacy=false] (/0:0:0:0:0:0:0:1%0:41478) lost connection: Connection closed - mismatched mod channel list
[28Nov2024 00:17:04.220] [Netty Epoll Server IO #1/ERROR] [net.minecraftforge.fml.network.NetworkRegistry/NETREGISTRY]: Channels [decocraft:main] rejected their client side version number
[28Nov2024 00:17:04.221] [Netty Epoll Server IO #1/ERROR] [net.minecraftforge.fml.network.FMLHandshakeHandler/FMLHANDSHAKE]: Terminating connection with client, mismatched mod list
[28Nov2024 00:17:04.248] [Server thread/INFO] [net.minecraft.network.login.ServerLoginNetHandler/]: com.mojang.authlib.GameProfile@48ce91f1[id=<null>,name=josue1507,properties={},legacy=false] (/0:0:0:0:0:0:0:1%0:57350) lost connection: Connection closed - mismatched mod channel list
[28Nov2024 00:18:12.160] [Server thread/INFO] [net.minecraft.server.dedicated.DedicatedServer/]: Stopping the server
[28Nov2024 00:18:12.191] [Server thread/INFO] [net.minecraft.server.MinecraftServer/]: Stopping server
[28Nov2024 00:18:12.192] [Server thread/INFO] [net.minecraft.server.MinecraftServer/]: Saving players
[28Nov2024 00:18:12.202] [Server thread/INFO] [net.minecraft.network.play.ServerPlayNetHandler/]: Lobix39 lost connection: Server closed
[28Nov2024 00:18:12.202] [Server thread/INFO] [net.minecraft.server.dedicated.DedicatedServer/]: Lobix39 left the game
[28Nov2024 00:18:12.211] [Server thread/INFO] [net.minecraft.server.MinecraftServer/]: Saving worlds
[28Nov2024 00:18:12.211] [Server thread/INFO] [net.minecraft.server.MinecraftServer/]: Saving chunks for level 'ServerLevel[world]'/minecraft:overworld
[28Nov2024 00:18:12.638] [Server thread/INFO] [net.minecraft.world.server.ChunkManager/]: ThreadedAnvilChunkStorage (world): All chunks are saved
[28Nov2024 00:18:12.638] [Server thread/INFO] [net.minecraft.server.MinecraftServer/]: Saving chunks for level 'ServerLevel[world]'/minecraft:the_nether
[28Nov2024 00:18:12.639] [Server thread/INFO] [net.minecraft.world.server.ChunkManager/]: ThreadedAnvilChunkStorage (DIM-1): All chunks are saved
[28Nov2024 00:18:12.640] [Server thread/INFO] [net.minecraft.server.MinecraftServer/]: Saving chunks for level 'ServerLevel[world]'/minecraft:the_end
[28Nov2024 00:18:12.640] [Server thread/INFO] [net.minecraft.world.server.ChunkManager/]: ThreadedAnvilChunkStorage (DIM1): All chunks are saved
[28Nov2024 00:18:12.640] [Server thread/INFO] [net.minecraft.server.MinecraftServer/]: Saving chunks for level 'ServerLevel[world]'/lostcities:lostcity
[28Nov2024 00:18:12.641] [Server thread/INFO] [net.minecraft.world.server.ChunkManager/]: ThreadedAnvilChunkStorage (lostcity): All chunks are saved
[28Nov2024 00:18:12.683] [Server thread/INFO] [net.minecraft.world.server.ChunkManager/]: ThreadedAnvilChunkStorage (world): All chunks are saved
[28Nov2024 00:18:12.690] [Server thread/INFO] [net.minecraft.world.server.ChunkManager/]: ThreadedAnvilChunkStorage (DIM-1): All chunks are saved
[28Nov2024 00:18:12.691] [Server thread/INFO] [net.minecraft.world.server.ChunkManager/]: ThreadedAnvilChunkStorage (DIM1): All chunks are saved
[28Nov2024 00:18:12.691] [Server thread/INFO] [net.minecraft.world.server.ChunkManager/]: ThreadedAnvilChunkStorage (lostcity): All chunks are saved
